<?xml version="1.0" encoding="UTF-8"?>
<testsuite name="MVC.MvcApplicationTests" tests="1" skipped="0" failures="0" errors="0" timestamp="2021-11-29T10:50:39" hostname="DESKTOP-G724K75" time="0.497">
  <properties/>
  <testcase name="contextLoads()" classname="MVC.MvcApplicationTests" time="0.497"/>
  <system-out><![CDATA[16:20:34.362 [Test worker] DEBUG org.springframework.test.context.BootstrapUtils - Instantiating CacheAwareContextLoaderDelegate from class [org.springframework.test.context.cache.DefaultCacheAwareContextLoaderDelegate]
16:20:34.393 [Test worker] DEBUG org.springframework.test.context.BootstrapUtils - Instantiating BootstrapContext using constructor [public org.springframework.test.context.support.DefaultBootstrapContext(java.lang.Class,org.springframework.test.context.CacheAwareContextLoaderDelegate)]
16:20:34.455 [Test worker] DEBUG org.springframework.test.context.BootstrapUtils - Instantiating TestContextBootstrapper for test class [MVC.MvcApplicationTests] from class [org.springframework.boot.test.context.SpringBootTestContextBootstrapper]
16:20:34.487 [Test worker] INFO org.springframework.boot.test.context.SpringBootTestContextBootstrapper - Neither @ContextConfiguration nor @ContextHierarchy found for test class [MVC.MvcApplicationTests], using SpringBootContextLoader
16:20:34.487 [Test worker] DEBUG org.springframework.test.context.support.AbstractContextLoader - Did not detect default resource location for test class [MVC.MvcApplicationTests]: class path resource [MVC/MvcApplicationTests-context.xml] does not exist
16:20:34.487 [Test worker] DEBUG org.springframework.test.context.support.AbstractContextLoader - Did not detect default resource location for test class [MVC.MvcApplicationTests]: class path resource [MVC/MvcApplicationTestsContext.groovy] does not exist
16:20:34.487 [Test worker] INFO org.springframework.test.context.support.AbstractContextLoader - Could not detect default resource locations for test class [MVC.MvcApplicationTests]: no resource found for suffixes {-context.xml, Context.groovy}.
16:20:34.502 [Test worker] INFO org.springframework.test.context.support.AnnotationConfigContextLoaderUtils - Could not detect default configuration classes for test class [MVC.MvcApplicationTests]: MvcApplicationTests does not declare any static, non-private, non-final, nested classes annotated with @Configuration.
16:20:34.627 [Test worker] DEBUG org.springframework.test.context.support.ActiveProfilesUtils - Could not find an 'annotation declaring class' for annotation type [org.springframework.test.context.ActiveProfiles] and class [MVC.MvcApplicationTests]
16:20:34.799 [Test worker] DEBUG org.springframework.context.annotation.ClassPathScanningCandidateComponentProvider - Identified candidate component class: file [C:\Users\OLIVE-10\Downloads\MVC\build\classes\java\main\MVC\MvcApplication.class]
16:20:34.799 [Test worker] INFO org.springframework.boot.test.context.SpringBootTestContextBootstrapper - Found @SpringBootConfiguration MVC.MvcApplication for test class MVC.MvcApplicationTests
16:20:35.049 [Test worker] DEBUG org.springframework.boot.test.context.SpringBootTestContextBootstrapper - @TestExecutionListeners is not present for class [MVC.MvcApplicationTests]: using defaults.
16:20:35.049 [Test worker] INFO org.springframework.boot.test.context.SpringBootTestContextBootstrapper - Loaded default TestExecutionListener class names from location [META-INF/spring.factories]: [org.springframework.boot.test.autoconfigure.restdocs.RestDocsTestExecutionListener, org.springframework.boot.test.autoconfigure.web.client.MockRestServiceServerResetTestExecutionListener, org.springframework.boot.test.autoconfigure.web.servlet.MockMvcPrintOnlyOnFailureTestExecutionListener, org.springframework.boot.test.autoconfigure.web.servlet.WebDriverTestExecutionListener, org.springframework.boot.test.autoconfigure.webservices.client.MockWebServiceServerTestExecutionListener, org.springframework.boot.test.mock.mockito.MockitoTestExecutionListener, org.springframework.boot.test.mock.mockito.ResetMocksTestExecutionListener, org.springframework.test.context.web.ServletTestExecutionListener, org.springframework.test.context.support.DirtiesContextBeforeModesTestExecutionListener, org.springframework.test.context.event.ApplicationEventsTestExecutionListener, org.springframework.test.context.support.DependencyInjectionTestExecutionListener, org.springframework.test.context.support.DirtiesContextTestExecutionListener, org.springframework.test.context.transaction.TransactionalTestExecutionListener, org.springframework.test.context.jdbc.SqlScriptsTestExecutionListener, org.springframework.test.context.event.EventPublishingTestExecutionListener]
16:20:35.112 [Test worker] DEBUG org.springframework.boot.test.context.SpringBootTestContextBootstrapper - Skipping candidate TestExecutionListener [org.springframework.test.context.transaction.TransactionalTestExecutionListener] due to a missing dependency. Specify custom listener classes or make the default listener classes and their required dependencies available. Offending class: [org/springframework/transaction/interceptor/TransactionAttributeSource]
16:20:35.112 [Test worker] DEBUG org.springframework.boot.test.context.SpringBootTestContextBootstrapper - Skipping candidate TestExecutionListener [org.springframework.test.context.jdbc.SqlScriptsTestExecutionListener] due to a missing dependency. Specify custom listener classes or make the default listener classes and their required dependencies available. Offending class: [org/springframework/transaction/interceptor/TransactionAttribute]
16:20:35.112 [Test worker] INFO org.springframework.boot.test.context.SpringBootTestContextBootstrapper - Using TestExecutionListeners: [org.springframework.test.context.web.ServletTestExecutionListener@746e7064, org.springframework.test.context.support.DirtiesContextBeforeModesTestExecutionListener@b2c5ff1, org.springframework.test.context.event.ApplicationEventsTestExecutionListener@57a369f, org.springframework.boot.test.mock.mockito.MockitoTestExecutionListener@16092cee, org.springframework.boot.test.autoconfigure.SpringBootDependencyInjectionTestExecutionListener@11e3931b, org.springframework.test.context.support.DirtiesContextTestExecutionListener@78d99501, org.springframework.test.context.event.EventPublishingTestExecutionListener@2c438a4b, org.springframework.boot.test.autoconfigure.restdocs.RestDocsTestExecutionListener@7372ad71, org.springframework.boot.test.autoconfigure.web.client.MockRestServiceServerResetTestExecutionListener@7e04834f, org.springframework.boot.test.autoconfigure.web.servlet.MockMvcPrintOnlyOnFailureTestExecutionListener@4a417013, org.springframework.boot.test.autoconfigure.web.servlet.WebDriverTestExecutionListener@7ae0aac2, org.springframework.boot.test.autoconfigure.webservices.client.MockWebServiceServerTestExecutionListener@1c9f99ca, org.springframework.boot.test.mock.mockito.ResetMocksTestExecutionListener@465b7fed]
16:20:35.112 [Test worker] DEBUG org.springframework.test.context.support.AbstractDirtiesContextTestExecutionListener - Before test class: context [DefaultTestContext@454378fd testClass = MvcApplicationTests, testInstance = [null], testMethod = [null], testException = [null], mergedContextConfiguration = [WebMergedContextConfiguration@637c97f testClass = MvcApplicationTests, locations = '{}', classes = '{class MVC.MvcApplication}', contextInitializerClasses = '[]', activeProfiles = '{}', propertySourceLocations = '{}', propertySourceProperties = '{org.springframework.boot.test.context.SpringBootTestContextBootstrapper=true}', contextCustomizers = set[org.springframework.boot.test.autoconfigure.actuate.metrics.MetricsExportContextCustomizerFactory$DisableMetricExportContextCustomizer@31c10c9e, org.springframework.boot.test.autoconfigure.properties.PropertyMappingContextCustomizer@0, org.springframework.boot.test.autoconfigure.web.servlet.WebDriverContextCustomizerFactory$Customizer@20fe89ed, org.springframework.boot.test.context.filter.ExcludeFilterContextCustomizer@46170008, org.springframework.boot.test.json.DuplicateJsonObjectContextCustomizerFactory$DuplicateJsonObjectContextCustomizer@18a5811d, org.springframework.boot.test.mock.mockito.MockitoContextCustomizer@0, org.springframework.boot.test.web.client.TestRestTemplateContextCustomizer@6d59d781, org.springframework.boot.test.context.SpringBootTestArgs@1, org.springframework.boot.test.context.SpringBootTestWebEnvironment@449c99f1], resourceBasePath = 'src/main/webapp', contextLoader = 'org.springframework.boot.test.context.SpringBootContextLoader', parent = [null]], attributes = map['org.springframework.test.context.web.ServletTestExecutionListener.activateListener' -> true]], class annotated with @DirtiesContext [false] with mode [null].
16:20:35.205 [Test worker] DEBUG org.springframework.boot.ApplicationServletEnvironment - Activating profiles []
16:20:35.205 [Test worker] DEBUG org.springframework.test.context.support.TestPropertySourceUtils - Adding inlined properties to environment: {spring.jmx.enabled=false, org.springframework.boot.test.context.SpringBootTestContextBootstrapper=true}

  .   ____          _            __ _ _
 /\\ / ___'_ __ _ _(_)_ __  __ _ \ \ \ \
( ( )\___ | '_ | '_| | '_ \/ _` | \ \ \ \
 \\/  ___)| |_)| | | | | || (_| |  ) ) ) )
  '  |____| .__|_| |_|_| |_\__, | / / / /
 =========|_|==============|___/=/_/_/_/
 :: Spring Boot ::                (v2.5.7)

2021-11-29 16:20:35.830  INFO 13748 --- [    Test worker] MVC.MvcApplicationTests                  : Starting MvcApplicationTests using Java 1.8.0_281 on DESKTOP-G724K75 with PID 13748 (started by OLIVE-10 in C:\Users\OLIVE-10\Downloads\MVC)
2021-11-29 16:20:35.830  INFO 13748 --- [    Test worker] MVC.MvcApplicationTests                  : No active profile set, falling back to default profiles: default
2021-11-29 16:20:39.500  INFO 13748 --- [    Test worker] MVC.MvcApplicationTests                  : Started MvcApplicationTests in 4.281 seconds (JVM running for 7.949)
]]></system-out>
  <system-err><![CDATA[]]></system-err>
</testsuite>
